This file contains any messages produced by compilers while
running configure, to aid debugging if configure makes a mistake.

It was created by semigroups configure GAP package, which was
generated by GNU Autoconf 2.72.  Invocation command line was

  $ ./configure --prefix=/host/sage-musllinux_1_2_aarch64 --libdir=/host/sage-musllinux_1_2_aarch64/lib --disable-static --disable-maintainer-mode --disable-dependency-tracking --with-gaproot=/host/sage-musllinux_1_2_aarch64/lib/gap/ --with-external-libsemigroups

## --------- ##
## Platform. ##
## --------- ##

hostname = b04efcfe1a72
uname -m = aarch64
uname -r = 6.11.0-1018-azure
uname -s = Linux
uname -v = #18~24.04.1-Ubuntu SMP Sat Jun 28 04:41:58 UTC 2025

/usr/bin/uname -p = unknown
/bin/uname -X     = unknown

/bin/arch              = aarch64
/usr/bin/arch -k       = unknown
/usr/convex/getsysinfo = unknown
/usr/bin/hostinfo      = unknown
/bin/machine           = unknown
/usr/bin/oslevel       = unknown
/bin/universe          = unknown

PATH: /host/sage-musllinux_1_2_aarch64/libexec/ccache/
PATH: /project/build/bin/
PATH: /project/tools/
PATH: /host/sage-musllinux_1_2_aarch64/var/lib/sage/venv-python3.9/bin/
PATH: /host/sage-musllinux_1_2_aarch64/bin/
PATH: /host/sage-musllinux_1_2_aarch64/libexec/ccache/
PATH: /project/build/bin/
PATH: /project/tools/
PATH: /host/sage-musllinux_1_2_aarch64/bin/
PATH: /project/src/bin/
PATH: /host/sage-musllinux_1_2_aarch64/bin/
PATH: /project/build/bin/
PATH: /project/src/bin/
PATH: /host/sage-musllinux_1_2_aarch64/bin/
PATH: /project/prefix/bin/
PATH: /opt/python/cp39-cp39/bin/
PATH: /usr/local/sbin/
PATH: /usr/local/bin/
PATH: /usr/sbin/
PATH: /usr/bin/
PATH: /sbin/
PATH: /bin/


## ----------- ##
## Core tests. ##
## ----------- ##

configure:2600: looking for aux files: config.guess config.sub
configure:2613:  trying ./
configure:2642:   ./config.guess found
configure:2642:   ./config.sub found
configure:2895: checking for C++ compiler version
configure:2904: g++ -std=gnu++11 --version >&5
g++ (Alpine 14.2.0) 14.2.0
Copyright (C) 2024 Free Software Foundation, Inc.
This is free software; see the source for copying conditions.  There is NO
warranty; not even for MERCHANTABILITY or FITNESS FOR A PARTICULAR PURPOSE.

configure:2915: $? = 0
configure:2904: g++ -std=gnu++11 -v >&5
Using built-in specs.
COLLECT_GCC=/usr/bin/g++
COLLECT_LTO_WRAPPER=/usr/libexec/gcc/aarch64-alpine-linux-musl/14.2.0/lto-wrapper
Target: aarch64-alpine-linux-musl
Configured with: /home/buildozer/aports/main/gcc/src/gcc-14.2.0/configure --prefix=/usr --mandir=/usr/share/man --infodir=/usr/share/info --build=aarch64-alpine-linux-musl --host=aarch64-alpine-linux-musl --target=aarch64-alpine-linux-musl --enable-checking=release --disable-cet --disable-fixed-point --disable-libstdcxx-pch --disable-multilib --disable-nls --disable-werror --disable-symvers --enable-__cxa_atexit --enable-default-pie --enable-default-ssp --enable-languages=c,c++,d,objc,go,fortran,ada --enable-link-serialization=2 --enable-linker-build-id --with-arch=armv8-a --with-abi=lp64 --disable-libquadmath --disable-libssp --disable-libsanitizer --enable-shared --enable-threads --enable-tls --with-bugurl=https://gitlab.alpinelinux.org/alpine/aports/-/issues --with-system-zlib --with-linker-hash-style=gnu --with-pkgversion='Alpine 14.2.0'
Thread model: posix
Supported LTO compression algorithms: zlib
gcc version 14.2.0 (Alpine 14.2.0) 
configure:2915: $? = 0
configure:2904: g++ -std=gnu++11 -V >&5
g++: error: unrecognized command-line option '-V'
g++: fatal error: no input files
compilation terminated.
configure:2915: $? = 1
configure:2904: g++ -std=gnu++11 -qversion >&5
g++: error: unrecognized command-line option '-qversion'; did you mean '--version'?
g++: fatal error: no input files
compilation terminated.
configure:2915: $? = 1
configure:2935: checking whether the C++ compiler works
configure:2957: g++ -std=gnu++11 -g -O2  -Wl,-rpath-link,/host/sage-musllinux_1_2_aarch64/lib -L/host/sage-musllinux_1_2_aarch64/lib -Wl,-rpath,/host/sage-musllinux_1_2_aarch64/lib -Wl,-rpath-link,/host/sage-musllinux_1_2_aarch64/lib -L/host/sage-musllinux_1_2_aarch64/lib -Wl,-rpath,/host/sage-musllinux_1_2_aarch64/lib  conftest.cpp  >&5
configure:2961: $? = 0
configure:3012: result: yes
configure:3016: checking for C++ compiler default output file name
configure:3018: result: a.out
configure:3024: checking for suffix of executables
configure:3031: g++ -std=gnu++11 -o conftest -g -O2  -Wl,-rpath-link,/host/sage-musllinux_1_2_aarch64/lib -L/host/sage-musllinux_1_2_aarch64/lib -Wl,-rpath,/host/sage-musllinux_1_2_aarch64/lib -Wl,-rpath-link,/host/sage-musllinux_1_2_aarch64/lib -L/host/sage-musllinux_1_2_aarch64/lib -Wl,-rpath,/host/sage-musllinux_1_2_aarch64/lib  conftest.cpp  >&5
configure:3035: $? = 0
configure:3059: result: 
configure:3083: checking whether we are cross compiling
configure:3091: g++ -std=gnu++11 -o conftest -g -O2  -Wl,-rpath-link,/host/sage-musllinux_1_2_aarch64/lib -L/host/sage-musllinux_1_2_aarch64/lib -Wl,-rpath,/host/sage-musllinux_1_2_aarch64/lib -Wl,-rpath-link,/host/sage-musllinux_1_2_aarch64/lib -L/host/sage-musllinux_1_2_aarch64/lib -Wl,-rpath,/host/sage-musllinux_1_2_aarch64/lib  conftest.cpp  >&5
configure:3095: $? = 0
configure:3102: ./conftest
configure:3106: $? = 0
configure:3121: result: no
configure:3127: checking for suffix of object files
configure:3150: g++ -std=gnu++11 -c -g -O2  conftest.cpp >&5
configure:3154: $? = 0
configure:3178: result: o
configure:3182: checking whether the compiler supports GNU C++
configure:3202: g++ -std=gnu++11 -c -g -O2  conftest.cpp >&5
configure:3202: $? = 0
configure:3214: result: yes
configure:3225: checking whether g++ -std=gnu++11 accepts -g
configure:3246: g++ -std=gnu++11 -c -g  conftest.cpp >&5
configure:3246: $? = 0
configure:3293: result: yes
configure:3313: checking for g++ -std=gnu++11 option to enable C++11 features
configure:3328: g++ -std=gnu++11  -c -g -O2  conftest.cpp >&5
conftest.cpp: In function 'int main(int, char**)':
conftest.cpp:175:25: warning: empty parentheses were disambiguated as a function declaration [-Wvexing-parse]
  175 |   cxx11test::delegate d2();
      |                         ^~
conftest.cpp:175:25: note: remove parentheses to default-initialize a variable
  175 |   cxx11test::delegate d2();
      |                         ^~
      |                         --
conftest.cpp:175:25: note: or replace parentheses with braces to value-initialize a variable
configure:3328: $? = 0
configure:3347: result: none needed
configure:3432: checking whether g++ -std=gnu++11 supports C++14 features by default
configure:3853: g++ -std=gnu++11 -c -g -O2  conftest.cpp >&5
conftest.cpp:311:2: error: #error "This is not a C++14 compiler"
  311 | #error "This is not a C++14 compiler"
      |  ^~~~~
configure:3853: $? = 1
configure: failed program was:
| /* confdefs.h */
| #define PACKAGE_NAME "semigroups"
| #define PACKAGE_TARNAME "semigroups"
| #define PACKAGE_VERSION "GAP package"
| #define PACKAGE_STRING "semigroups GAP package"
| #define PACKAGE_BUGREPORT ""
| #define PACKAGE_URL ""
| /* end confdefs.h.  */
| 
| 
| // If the compiler admits that it is not ready for C++11, why torture it?
| // Hopefully, this will speed up the test.
| 
| #ifndef __cplusplus
| 
| #error "This is not a C++ compiler"
| 
| // MSVC always sets __cplusplus to 199711L in older versions; newer versions
| // only set it correctly if /Zc:__cplusplus is specified as well as a
| // /std:c++NN switch:
| // https://devblogs.microsoft.com/cppblog/msvc-now-correctly-reports-__cplusplus/
| #elif __cplusplus < 201103L && !defined _MSC_VER
| 
| #error "This is not a C++11 compiler"
| 
| #else
| 
| namespace cxx11
| {
| 
|   namespace test_static_assert
|   {
| 
|     template <typename T>
|     struct check
|     {
|       static_assert(sizeof(int) <= sizeof(T), "not big enough");
|     };
| 
|   }
| 
|   namespace test_final_override
|   {
| 
|     struct Base
|     {
|       virtual ~Base() {}
|       virtual void f() {}
|     };
| 
|     struct Derived : public Base
|     {
|       virtual ~Derived() override {}
|       virtual void f() override {}
|     };
| 
|   }
| 
|   namespace test_double_right_angle_brackets
|   {
| 
|     template < typename T >
|     struct check {};
| 
|     typedef check<void> single_type;
|     typedef check<check<void>> double_type;
|     typedef check<check<check<void>>> triple_type;
|     typedef check<check<check<check<void>>>> quadruple_type;
| 
|   }
| 
|   namespace test_decltype
|   {
| 
|     int
|     f()
|     {
|       int a = 1;
|       decltype(a) b = 2;
|       return a + b;
|     }
| 
|   }
| 
|   namespace test_type_deduction
|   {
| 
|     template < typename T1, typename T2 >
|     struct is_same
|     {
|       static const bool value = false;
|     };
| 
|     template < typename T >
|     struct is_same<T, T>
|     {
|       static const bool value = true;
|     };
| 
|     template < typename T1, typename T2 >
|     auto
|     add(T1 a1, T2 a2) -> decltype(a1 + a2)
|     {
|       return a1 + a2;
|     }
| 
|     int
|     test(const int c, volatile int v)
|     {
|       static_assert(is_same<int, decltype(0)>::value == true, "");
|       static_assert(is_same<int, decltype(c)>::value == false, "");
|       static_assert(is_same<int, decltype(v)>::value == false, "");
|       auto ac = c;
|       auto av = v;
|       auto sumi = ac + av + 'x';
|       auto sumf = ac + av + 1.0;
|       static_assert(is_same<int, decltype(ac)>::value == true, "");
|       static_assert(is_same<int, decltype(av)>::value == true, "");
|       static_assert(is_same<int, decltype(sumi)>::value == true, "");
|       static_assert(is_same<int, decltype(sumf)>::value == false, "");
|       static_assert(is_same<int, decltype(add(c, v))>::value == true, "");
|       return (sumf > 0.0) ? sumi : add(c, v);
|     }
| 
|   }
| 
|   namespace test_noexcept
|   {
| 
|     int f() { return 0; }
|     int g() noexcept { return 0; }
| 
|     static_assert(noexcept(f()) == false, "");
|     static_assert(noexcept(g()) == true, "");
| 
|   }
| 
|   namespace test_constexpr
|   {
| 
|     template < typename CharT >
|     unsigned long constexpr
|     strlen_c_r(const CharT *const s, const unsigned long acc) noexcept
|     {
|       return *s ? strlen_c_r(s + 1, acc + 1) : acc;
|     }
| 
|     template < typename CharT >
|     unsigned long constexpr
|     strlen_c(const CharT *const s) noexcept
|     {
|       return strlen_c_r(s, 0UL);
|     }
| 
|     static_assert(strlen_c("") == 0UL, "");
|     static_assert(strlen_c("1") == 1UL, "");
|     static_assert(strlen_c("example") == 7UL, "");
|     static_assert(strlen_c("another\0example") == 7UL, "");
| 
|   }
| 
|   namespace test_rvalue_references
|   {
| 
|     template < int N >
|     struct answer
|     {
|       static constexpr int value = N;
|     };
| 
|     answer<1> f(int&)       { return answer<1>(); }
|     answer<2> f(const int&) { return answer<2>(); }
|     answer<3> f(int&&)      { return answer<3>(); }
| 
|     void
|     test()
|     {
|       int i = 0;
|       const int c = 0;
|       static_assert(decltype(f(i))::value == 1, "");
|       static_assert(decltype(f(c))::value == 2, "");
|       static_assert(decltype(f(0))::value == 3, "");
|     }
| 
|   }
| 
|   namespace test_uniform_initialization
|   {
| 
|     struct test
|     {
|       static const int zero {};
|       static const int one {1};
|     };
| 
|     static_assert(test::zero == 0, "");
|     static_assert(test::one == 1, "");
| 
|   }
| 
|   namespace test_lambdas
|   {
| 
|     void
|     test1()
|     {
|       auto lambda1 = [](){};
|       auto lambda2 = lambda1;
|       lambda1();
|       lambda2();
|     }
| 
|     int
|     test2()
|     {
|       auto a = [](int i, int j){ return i + j; }(1, 2);
|       auto b = []() -> int { return '0'; }();
|       auto c = [=](){ return a + b; }();
|       auto d = [&](){ return c; }();
|       auto e = [a, &b](int x) mutable {
|         const auto identity = [](int y){ return y; };
|         for (auto i = 0; i < a; ++i)
|           a += b--;
|         return x + identity(a + b);
|       }(0);
|       return a + b + c + d + e;
|     }
| 
|     int
|     test3()
|     {
|       const auto nullary = [](){ return 0; };
|       const auto unary = [](int x){ return x; };
|       using nullary_t = decltype(nullary);
|       using unary_t = decltype(unary);
|       const auto higher1st = [](nullary_t f){ return f(); };
|       const auto higher2nd = [unary](nullary_t f1){
|         return [unary, f1](unary_t f2){ return f2(unary(f1())); };
|       };
|       return higher1st(nullary) + higher2nd(nullary)(unary);
|     }
| 
|   }
| 
|   namespace test_variadic_templates
|   {
| 
|     template <int...>
|     struct sum;
| 
|     template <int N0, int... N1toN>
|     struct sum<N0, N1toN...>
|     {
|       static constexpr auto value = N0 + sum<N1toN...>::value;
|     };
| 
|     template <>
|     struct sum<>
|     {
|       static constexpr auto value = 0;
|     };
| 
|     static_assert(sum<>::value == 0, "");
|     static_assert(sum<1>::value == 1, "");
|     static_assert(sum<23>::value == 23, "");
|     static_assert(sum<1, 2>::value == 3, "");
|     static_assert(sum<5, 5, 11>::value == 21, "");
|     static_assert(sum<2, 3, 5, 7, 11, 13>::value == 41, "");
| 
|   }
| 
|   // http://stackoverflow.com/questions/13728184/template-aliases-and-sfinae
|   // Clang 3.1 fails with headers of libstd++ 4.8.3 when using std::function
|   // because of this.
|   namespace test_template_alias_sfinae
|   {
| 
|     struct foo {};
| 
|     template<typename T>
|     using member = typename T::member_type;
| 
|     template<typename T>
|     void func(...) {}
| 
|     template<typename T>
|     void func(member<T>*) {}
| 
|     void test();
| 
|     void test() { func<foo>(0); }
| 
|   }
| 
| }  // namespace cxx11
| 
| #endif  // __cplusplus >= 201103L
| 
| 
| 
| 
| // If the compiler admits that it is not ready for C++14, why torture it?
| // Hopefully, this will speed up the test.
| 
| #ifndef __cplusplus
| 
| #error "This is not a C++ compiler"
| 
| #elif __cplusplus < 201402L && !defined _MSC_VER
| 
| #error "This is not a C++14 compiler"
| 
| #else
| 
| namespace cxx14
| {
| 
|   namespace test_polymorphic_lambdas
|   {
| 
|     int
|     test()
|     {
|       const auto lambda = [](auto&&... args){
|         const auto istiny = [](auto x){
|           return (sizeof(x) == 1UL) ? 1 : 0;
|         };
|         const int aretiny[] = { istiny(args)... };
|         return aretiny[0];
|       };
|       return lambda(1, 1L, 1.0f, '1');
|     }
| 
|   }
| 
|   namespace test_binary_literals
|   {
| 
|     constexpr auto ivii = 0b0000000000101010;
|     static_assert(ivii == 42, "wrong value");
| 
|   }
| 
|   namespace test_generalized_constexpr
|   {
| 
|     template < typename CharT >
|     constexpr unsigned long
|     strlen_c(const CharT *const s) noexcept
|     {
|       auto length = 0UL;
|       for (auto p = s; *p; ++p)
|         ++length;
|       return length;
|     }
| 
|     static_assert(strlen_c("") == 0UL, "");
|     static_assert(strlen_c("x") == 1UL, "");
|     static_assert(strlen_c("test") == 4UL, "");
|     static_assert(strlen_c("another\0test") == 7UL, "");
| 
|   }
| 
|   namespace test_lambda_init_capture
|   {
| 
|     int
|     test()
|     {
|       auto x = 0;
|       const auto lambda1 = [a = x](int b){ return a + b; };
|       const auto lambda2 = [a = lambda1(x)](){ return a; };
|       return lambda2();
|     }
| 
|   }
| 
|   namespace test_digit_separators
|   {
| 
|     constexpr auto ten_million = 100'000'000;
|     static_assert(ten_million == 100000000, "");
| 
|   }
| 
|   namespace test_return_type_deduction
|   {
| 
|     auto f(int& x) { return x; }
|     decltype(auto) g(int& x) { return x; }
| 
|     template < typename T1, typename T2 >
|     struct is_same
|     {
|       static constexpr auto value = false;
|     };
| 
|     template < typename T >
|     struct is_same<T, T>
|     {
|       static constexpr auto value = true;
|     };
| 
|     int
|     test()
|     {
|       auto x = 0;
|       static_assert(is_same<int, decltype(f(x))>::value, "");
|       static_assert(is_same<int&, decltype(g(x))>::value, "");
|       return x;
|     }
| 
|   }
| 
| }  // namespace cxx14
| 
| #endif  // __cplusplus >= 201402L
| 
| 
| 
configure:3863: result: no
configure:3873: checking whether g++ -std=gnu++11 supports C++14 features with -std=gnu++14
configure:4296: g++ -std=gnu++11 -std=gnu++14 -c -g -O2  conftest.cpp >&5
configure:4296: $? = 0
configure:4308: result: yes
configure:4816: checking for GAP root directory
configure:4833: result: /host/sage-musllinux_1_2_aarch64/lib/gap
configure:4857: checking for GAP architecture
configure:4864: result: aarch64-unknown-linux-musl-default64-kv10
configure:4915: checking build system type
configure:4931: result: aarch64-unknown-linux-musl
configure:4951: checking host system type
configure:4966: result: aarch64-unknown-linux-musl
configure:5049: checking for gcc
configure:5082: result: gcc
configure:5441: checking for C compiler version
configure:5450: gcc --version >&5
gcc (Alpine 14.2.0) 14.2.0
Copyright (C) 2024 Free Software Foundation, Inc.
This is free software; see the source for copying conditions.  There is NO
warranty; not even for MERCHANTABILITY or FITNESS FOR A PARTICULAR PURPOSE.

configure:5461: $? = 0
configure:5450: gcc -v >&5
Using built-in specs.
COLLECT_GCC=/usr/bin/gcc
COLLECT_LTO_WRAPPER=/usr/libexec/gcc/aarch64-alpine-linux-musl/14.2.0/lto-wrapper
Target: aarch64-alpine-linux-musl
Configured with: /home/buildozer/aports/main/gcc/src/gcc-14.2.0/configure --prefix=/usr --mandir=/usr/share/man --infodir=/usr/share/info --build=aarch64-alpine-linux-musl --host=aarch64-alpine-linux-musl --target=aarch64-alpine-linux-musl --enable-checking=release --disable-cet --disable-fixed-point --disable-libstdcxx-pch --disable-multilib --disable-nls --disable-werror --disable-symvers --enable-__cxa_atexit --enable-default-pie --enable-default-ssp --enable-languages=c,c++,d,objc,go,fortran,ada --enable-link-serialization=2 --enable-linker-build-id --with-arch=armv8-a --with-abi=lp64 --disable-libquadmath --disable-libssp --disable-libsanitizer --enable-shared --enable-threads --enable-tls --with-bugurl=https://gitlab.alpinelinux.org/alpine/aports/-/issues --with-system-zlib --with-linker-hash-style=gnu --with-pkgversion='Alpine 14.2.0'
Thread model: posix
Supported LTO compression algorithms: zlib
gcc version 14.2.0 (Alpine 14.2.0) 
configure:5461: $? = 0
configure:5450: gcc -V >&5
gcc: error: unrecognized command-line option '-V'
gcc: fatal error: no input files
compilation terminated.
configure:5461: $? = 1
configure:5450: gcc -qversion >&5
gcc: error: unrecognized command-line option '-qversion'; did you mean '--version'?
gcc: fatal error: no input files
compilation terminated.
configure:5461: $? = 1
configure:5450: gcc -version >&5
gcc: error: unrecognized command-line option '-version'
gcc: fatal error: no input files
compilation terminated.
configure:5461: $? = 1
configure:5465: checking whether the compiler supports GNU C
configure:5485: gcc -c -g -O2  conftest.c >&5
configure:5485: $? = 0
configure:5497: result: yes
configure:5508: checking whether gcc accepts -g
configure:5529: gcc -c -g  conftest.c >&5
configure:5529: $? = 0
configure:5576: result: yes
configure:5596: checking for gcc option to enable C11 features
configure:5611: gcc  -c -g -O2  conftest.c >&5
configure:5611: $? = 0
configure:5630: result: none needed
configure:5748: checking for a sed that does not truncate output
configure:5820: result: /bin/sed
configure:5831: checking how to run the C preprocessor
configure:5857: gcc -E  conftest.c
configure:5857: $? = 0
configure:5873: gcc -E  conftest.c
conftest.c:10:10: fatal error: ac_nonexistent.h: No such file or directory
   10 | #include <ac_nonexistent.h>
      |          ^~~~~~~~~~~~~~~~~~
compilation terminated.
configure:5873: $? = 1
configure: failed program was:
| /* confdefs.h */
| #define PACKAGE_NAME "semigroups"
| #define PACKAGE_TARNAME "semigroups"
| #define PACKAGE_VERSION "GAP package"
| #define PACKAGE_STRING "semigroups GAP package"
| #define PACKAGE_BUGREPORT ""
| #define PACKAGE_URL ""
| #define HAVE_CXX14 1
| /* end confdefs.h.  */
| #include <ac_nonexistent.h>
configure:5902: result: gcc -E
configure:5916: gcc -E  conftest.c
configure:5916: $? = 0
configure:5932: gcc -E  conftest.c
conftest.c:10:10: fatal error: ac_nonexistent.h: No such file or directory
   10 | #include <ac_nonexistent.h>
      |          ^~~~~~~~~~~~~~~~~~
compilation terminated.
configure:5932: $? = 1
configure: failed program was:
| /* confdefs.h */
| #define PACKAGE_NAME "semigroups"
| #define PACKAGE_TARNAME "semigroups"
| #define PACKAGE_VERSION "GAP package"
| #define PACKAGE_STRING "semigroups GAP package"
| #define PACKAGE_BUGREPORT ""
| #define PACKAGE_URL ""
| #define HAVE_CXX14 1
| /* end confdefs.h.  */
| #include <ac_nonexistent.h>
configure:5965: checking for egrep -e
configure:6095: result: /bin/grep -E
configure:6265: checking whether gcc is Clang
configure:6293: result: no
configure:6359: checking whether pthreads work with "-pthread" and "-lpthread"
configure:6471: gcc -o conftest -g -O2 -pthread  -Wl,-rpath-link,/host/sage-musllinux_1_2_aarch64/lib -L/host/sage-musllinux_1_2_aarch64/lib -Wl,-rpath,/host/sage-musllinux_1_2_aarch64/lib -Wl,-rpath-link,/host/sage-musllinux_1_2_aarch64/lib -L/host/sage-musllinux_1_2_aarch64/lib -Wl,-rpath,/host/sage-musllinux_1_2_aarch64/lib  conftest.c -lpthread  >&5
configure:6471: $? = 0
configure:6481: result: yes
configure:6605: checking for joinable pthread attribute
configure:6624: gcc -o conftest -g -O2 -pthread  -Wl,-rpath-link,/host/sage-musllinux_1_2_aarch64/lib -L/host/sage-musllinux_1_2_aarch64/lib -Wl,-rpath,/host/sage-musllinux_1_2_aarch64/lib -Wl,-rpath-link,/host/sage-musllinux_1_2_aarch64/lib -L/host/sage-musllinux_1_2_aarch64/lib -Wl,-rpath,/host/sage-musllinux_1_2_aarch64/lib  conftest.c -lpthread  >&5
configure:6624: $? = 0
configure:6634: result: PTHREAD_CREATE_JOINABLE
configure:6647: checking whether more special flags are required for pthreads
configure:6662: result: no
configure:6671: checking for PTHREAD_PRIO_INHERIT
configure:6689: gcc -o conftest -g -O2 -pthread  -Wl,-rpath-link,/host/sage-musllinux_1_2_aarch64/lib -L/host/sage-musllinux_1_2_aarch64/lib -Wl,-rpath,/host/sage-musllinux_1_2_aarch64/lib -Wl,-rpath-link,/host/sage-musllinux_1_2_aarch64/lib -L/host/sage-musllinux_1_2_aarch64/lib -Wl,-rpath,/host/sage-musllinux_1_2_aarch64/lib  conftest.c -lpthread  >&5
configure:6689: $? = 0
configure:6701: result: yes
configure:6878: checking for pthread_create in -lpthread
configure:6900: g++ -std=gnu++11 -std=gnu++14 -o conftest -g -O2  -Wl,-rpath-link,/host/sage-musllinux_1_2_aarch64/lib -L/host/sage-musllinux_1_2_aarch64/lib -Wl,-rpath,/host/sage-musllinux_1_2_aarch64/lib -Wl,-rpath-link,/host/sage-musllinux_1_2_aarch64/lib -L/host/sage-musllinux_1_2_aarch64/lib -Wl,-rpath,/host/sage-musllinux_1_2_aarch64/lib  conftest.cpp -lpthread   >&5
configure:6900: $? = 0
configure:6912: result: yes
configure:6989: checking for pkg-config
configure:7012: found /usr/bin/pkg-config
configure:7025: result: /usr/bin/pkg-config
configure:7050: checking pkg-config is at least version 0.9.0
configure:7053: result: yes
configure:7068: checking for gawk
configure:7104: result: no
configure:7068: checking for mawk
configure:7104: result: no
configure:7068: checking for nawk
configure:7104: result: no
configure:7068: checking for awk
configure:7089: found /usr/bin/awk
configure:7101: result: awk
configure:7128: checking for libsemigroups >= 2.7.4
configure:7135: $PKG_CONFIG --exists --print-errors "libsemigroups >= $REQUI_LIBSEMIGROUPS_VERSION"
configure:7138: $? = 0
configure:7152: $PKG_CONFIG --exists --print-errors "libsemigroups >= $REQUI_LIBSEMIGROUPS_VERSION"
configure:7155: $? = 0
configure:7193: result: yes
configure:7282: using external libsemigroups 2.7.4
configure:7289: $PKG_CONFIG --exists --print-errors "libsemigroups"
configure:7292: $? = 0
configure:7333: checking whether to enable debug mode
configure:7335: result: no
configure:7345: checking for stdio.h
configure:7345: g++ -std=gnu++11 -std=gnu++14 -c -g -O2  conftest.cpp >&5
configure:7345: $? = 0
configure:7345: result: yes
configure:7345: checking for stdlib.h
configure:7345: g++ -std=gnu++11 -std=gnu++14 -c -g -O2  conftest.cpp >&5
configure:7345: $? = 0
configure:7345: result: yes
configure:7345: checking for string.h
configure:7345: g++ -std=gnu++11 -std=gnu++14 -c -g -O2  conftest.cpp >&5
configure:7345: $? = 0
configure:7345: result: yes
configure:7345: checking for inttypes.h
configure:7345: g++ -std=gnu++11 -std=gnu++14 -c -g -O2  conftest.cpp >&5
configure:7345: $? = 0
configure:7345: result: yes
configure:7345: checking for stdint.h
configure:7345: g++ -std=gnu++11 -std=gnu++14 -c -g -O2  conftest.cpp >&5
configure:7345: $? = 0
configure:7345: result: yes
configure:7345: checking for strings.h
configure:7345: g++ -std=gnu++11 -std=gnu++14 -c -g -O2  conftest.cpp >&5
configure:7345: $? = 0
configure:7345: result: yes
configure:7345: checking for sys/stat.h
configure:7345: g++ -std=gnu++11 -std=gnu++14 -c -g -O2  conftest.cpp >&5
configure:7345: $? = 0
configure:7345: result: yes
configure:7345: checking for sys/types.h
configure:7345: g++ -std=gnu++11 -std=gnu++14 -c -g -O2  conftest.cpp >&5
configure:7345: $? = 0
configure:7345: result: yes
configure:7345: checking for unistd.h
configure:7345: g++ -std=gnu++11 -std=gnu++14 -c -g -O2  conftest.cpp >&5
configure:7345: $? = 0
configure:7345: result: yes
configure:7382: checking whether to enable HPCombi
configure:7384: result: yes
configure:7402: checking the required version of HPCombi
configure:7405: result: 0.0.6
configure:7411: checking the version of HPCombi that's present
configure:7414: result: 0.0.6
configure:7462: checking whether C++ compiler accepts -mavx
configure:7482: g++ -std=gnu++11 -std=gnu++14 -c -g -O2  -mavx  conftest.cpp >&5
g++: error: unrecognized command-line option '-mavx'
configure:7482: $? = 1
configure: failed program was:
| /* confdefs.h */
| #define PACKAGE_NAME "semigroups"
| #define PACKAGE_TARNAME "semigroups"
| #define PACKAGE_VERSION "GAP package"
| #define PACKAGE_STRING "semigroups GAP package"
| #define PACKAGE_BUGREPORT ""
| #define PACKAGE_URL ""
| #define HAVE_CXX14 1
| #define HAVE_PTHREAD_PRIO_INHERIT 1
| #define HAVE_PTHREAD 1
| #define HAVE_LIBPTHREAD 1
| #define HAVE_STDIO_H 1
| #define HAVE_STDLIB_H 1
| #define HAVE_STRING_H 1
| #define HAVE_INTTYPES_H 1
| #define HAVE_STDINT_H 1
| #define HAVE_STRINGS_H 1
| #define HAVE_SYS_STAT_H 1
| #define HAVE_SYS_TYPES_H 1
| #define HAVE_UNISTD_H 1
| #define STDC_HEADERS 1
| /* end confdefs.h.  */
| 
| int
| main (void)
| {
| 
|   ;
|   return 0;
| }
configure:7493: result: no
configure:7532: WARNING: flag -mavx not supported, HPCombi is disabled
configure:8328: creating ./config.status

## ---------------------- ##
## Running config.status. ##
## ---------------------- ##

This file was extended by semigroups config.status GAP package, which was
generated by GNU Autoconf 2.72.  Invocation command line was

  CONFIG_FILES    = 
  CONFIG_HEADERS  = 
  CONFIG_LINKS    = 
  CONFIG_COMMANDS = 
  $ ./config.status 

on b04efcfe1a72

config.status:846: creating GNUmakefile
config.status:846: creating gen/pkgconfig.h
config.status:1030: executing src/semigroups-config.hpp commands
config.status:1068: creating src/semigroups-config.hpp - prefix SEMIGROUPS for gen/pkgconfig.h defines

## ---------------- ##
## Cache variables. ##
## ---------------- ##

ac_cv_build=aarch64-unknown-linux-musl
ac_cv_c_compiler_gnu=yes
ac_cv_cxx_compiler_gnu=yes
ac_cv_env_CCC_set=
ac_cv_env_CCC_value=
ac_cv_env_CC_set=set
ac_cv_env_CC_value=gcc
ac_cv_env_CFLAGS_set=set
ac_cv_env_CFLAGS_value='-g -O2'
ac_cv_env_CPPFLAGS_set=
ac_cv_env_CPPFLAGS_value=
ac_cv_env_CPP_set=
ac_cv_env_CPP_value=
ac_cv_env_CXXFLAGS_set=set
ac_cv_env_CXXFLAGS_value='-g -O2'
ac_cv_env_CXX_set=set
ac_cv_env_CXX_value='g++ -std=gnu++11'
ac_cv_env_LDFLAGS_set=set
ac_cv_env_LDFLAGS_value='-Wl,-rpath-link,/host/sage-musllinux_1_2_aarch64/lib -L/host/sage-musllinux_1_2_aarch64/lib -Wl,-rpath,/host/sage-musllinux_1_2_aarch64/lib -Wl,-rpath-link,/host/sage-musllinux_1_2_aarch64/lib -L/host/sage-musllinux_1_2_aarch64/lib -Wl,-rpath,/host/sage-musllinux_1_2_aarch64/lib '
ac_cv_env_LIBSEMIGROUPS_CFLAGS_set=
ac_cv_env_LIBSEMIGROUPS_CFLAGS_value=
ac_cv_env_LIBSEMIGROUPS_LIBS_set=
ac_cv_env_LIBSEMIGROUPS_LIBS_value=
ac_cv_env_LIBSEMIGROUPS_RPATH_set=
ac_cv_env_LIBSEMIGROUPS_RPATH_value=
ac_cv_env_LIBS_set=
ac_cv_env_LIBS_value=
ac_cv_env_PKG_CONFIG_LIBDIR_set=
ac_cv_env_PKG_CONFIG_LIBDIR_value=
ac_cv_env_PKG_CONFIG_PATH_set=set
ac_cv_env_PKG_CONFIG_PATH_value=/host/sage-musllinux_1_2_aarch64/lib/pkgconfig:/host/sage-musllinux_1_2_aarch64/lib/pkgconfig:/project/prefix/lib/pkgconfig:/usr/local/lib/pkgconfig
ac_cv_env_PKG_CONFIG_set=
ac_cv_env_PKG_CONFIG_value=
ac_cv_env_build_alias_set=
ac_cv_env_build_alias_value=
ac_cv_env_host_alias_set=
ac_cv_env_host_alias_value=
ac_cv_env_target_alias_set=
ac_cv_env_target_alias_value=
ac_cv_header_inttypes_h=yes
ac_cv_header_stdint_h=yes
ac_cv_header_stdio_h=yes
ac_cv_header_stdlib_h=yes
ac_cv_header_string_h=yes
ac_cv_header_strings_h=yes
ac_cv_header_sys_stat_h=yes
ac_cv_header_sys_types_h=yes
ac_cv_header_unistd_h=yes
ac_cv_host=aarch64-unknown-linux-musl
ac_cv_lib_pthread_pthread_create=yes
ac_cv_objext=o
ac_cv_path_EGREP_TRADITIONAL='/bin/grep -E'
ac_cv_path_SED=/bin/sed
ac_cv_path_ac_pt_PKG_CONFIG=/usr/bin/pkg-config
ac_cv_prog_AWK=awk
ac_cv_prog_CPP='gcc -E'
ac_cv_prog_ac_ct_CC=gcc
ac_cv_prog_cc_c11=
ac_cv_prog_cc_g=yes
ac_cv_prog_cc_stdc=
ac_cv_prog_cxx_cxx11=
ac_cv_prog_cxx_g=yes
ac_cv_prog_cxx_stdcxx=
ax_cv_PTHREAD_CLANG=no
ax_cv_PTHREAD_JOINABLE_ATTR=PTHREAD_CREATE_JOINABLE
ax_cv_PTHREAD_PRIO_INHERIT=yes
ax_cv_PTHREAD_SPECIAL_FLAGS=no
ax_cv_check_cxxflags___mavx=no
ax_cv_cxx_compile_cxx14=no
ax_cv_cxx_compile_cxx14__std_gnupp14=yes
pkg_cv_LIBSEMIGROUPS_CFLAGS=
pkg_cv_LIBSEMIGROUPS_LIBS=-lsemigroups
pkg_cv_LIBSEMIGROUPS_RPATH=/host/sage-musllinux_1_2_aarch64/lib

## ----------------- ##
## Output variables. ##
## ----------------- ##

AWK='awk'
CC='gcc'
CFLAGS='-g -O2'
CPP='gcc -E'
CPPFLAGS=''
CXX='g++ -std=gnu++11 -std=gnu++14'
CXXFLAGS='-g -O2'
DEFS='-DHAVE_CONFIG_H'
ECHO_C=''
ECHO_N='-n'
ECHO_T=''
EXEEXT=''
GAPARCH='aarch64-unknown-linux-musl-default64-kv10'
GAPROOT='/host/sage-musllinux_1_2_aarch64/lib/gap'
GAP_CFLAGS=' -pthread -g -O2'
GAP_CPPFLAGS='-I/host/sage-musllinux_1_2_aarch64/include/gap/extra -DUSE_GASMAN=1'
GAP_LDFLAGS=''
HAVE_CXX14='1'
HPCOMBI_CONSTEXPR_FUN_ARGS=''
HPCOMBI_CXXFLAGS=''
KERNEL_DEBUG='no'
LDFLAGS='-Wl,-rpath-link,/host/sage-musllinux_1_2_aarch64/lib -L/host/sage-musllinux_1_2_aarch64/lib -Wl,-rpath,/host/sage-musllinux_1_2_aarch64/lib -Wl,-rpath-link,/host/sage-musllinux_1_2_aarch64/lib -L/host/sage-musllinux_1_2_aarch64/lib -Wl,-rpath,/host/sage-musllinux_1_2_aarch64/lib '
LIBOBJS=''
LIBS='-lpthread '
LIBSEMIGROUPS_CFLAGS=''
LIBSEMIGROUPS_HPCOMBI_ENABLED=''
LIBSEMIGROUPS_LIBS='-lsemigroups'
LIBSEMIGROUPS_RPATH='-Wl,-rpath,/host/sage-musllinux_1_2_aarch64/lib'
LTLIBOBJS=''
OBJEXT='o'
PACKAGE_BUGREPORT=''
PACKAGE_NAME='semigroups'
PACKAGE_STRING='semigroups GAP package'
PACKAGE_TARNAME='semigroups'
PACKAGE_URL=''
PACKAGE_VERSION='GAP package'
PATH_SEPARATOR=':'
PKG_CONFIG='/usr/bin/pkg-config'
PKG_CONFIG_LIBDIR=''
PKG_CONFIG_PATH='/host/sage-musllinux_1_2_aarch64/lib/pkgconfig:/host/sage-musllinux_1_2_aarch64/lib/pkgconfig:/project/prefix/lib/pkgconfig:/usr/local/lib/pkgconfig'
PTHREAD_CC='gcc'
PTHREAD_CFLAGS='-pthread'
PTHREAD_CXX='g++ -std=gnu++11 -std=gnu++14'
PTHREAD_LIBS='-lpthread'
SED='/bin/sed'
SHELL='/bin/bash'
SYS_IS_CYGWIN=''
WITH_INCLUDED_LIBSEMIGROUPS=''
ac_ct_CC='gcc'
ac_ct_CXX=''
ax_pthread_config=''
bindir='${exec_prefix}/bin'
build='aarch64-unknown-linux-musl'
build_alias=''
build_cpu='aarch64'
build_os='linux-musl'
build_vendor='unknown'
datadir='${datarootdir}'
datarootdir='${prefix}/share'
docdir='${datarootdir}/doc/${PACKAGE_TARNAME}'
dvidir='${docdir}'
exec_prefix='${prefix}'
host='aarch64-unknown-linux-musl'
host_alias=''
host_cpu='aarch64'
host_os='linux-musl'
host_vendor='unknown'
htmldir='${docdir}'
includedir='${prefix}/include'
infodir='${datarootdir}/info'
libdir='/host/sage-musllinux_1_2_aarch64/lib'
libexecdir='${exec_prefix}/libexec'
localedir='${datarootdir}/locale'
localstatedir='${prefix}/var'
mandir='${datarootdir}/man'
oldincludedir='/usr/include'
pdfdir='${docdir}'
prefix='/host/sage-musllinux_1_2_aarch64'
program_transform_name='s,x,x,'
psdir='${docdir}'
runstatedir='${localstatedir}/run'
sbindir='${exec_prefix}/sbin'
sharedstatedir='${prefix}/com'
subdirs=''
sysconfdir='${prefix}/etc'
target_alias=''

## ----------- ##
## confdefs.h. ##
## ----------- ##

/* confdefs.h */
#define PACKAGE_NAME "semigroups"
#define PACKAGE_TARNAME "semigroups"
#define PACKAGE_VERSION "GAP package"
#define PACKAGE_STRING "semigroups GAP package"
#define PACKAGE_BUGREPORT ""
#define PACKAGE_URL ""
#define HAVE_CXX14 1
#define HAVE_PTHREAD_PRIO_INHERIT 1
#define HAVE_PTHREAD 1
#define HAVE_LIBPTHREAD 1
#define HAVE_STDIO_H 1
#define HAVE_STDLIB_H 1
#define HAVE_STRING_H 1
#define HAVE_INTTYPES_H 1
#define HAVE_STDINT_H 1
#define HAVE_STRINGS_H 1
#define HAVE_SYS_STAT_H 1
#define HAVE_SYS_TYPES_H 1
#define HAVE_UNISTD_H 1
#define STDC_HEADERS 1

configure: exit 0

## ---------------------- ##
## Running config.status. ##
## ---------------------- ##

This file was extended by semigroups config.status GAP package, which was
generated by GNU Autoconf 2.72.  Invocation command line was

  CONFIG_FILES    = 
  CONFIG_HEADERS  = 
  CONFIG_LINKS    = 
  CONFIG_COMMANDS = 
  $ ./config.status gen/pkgconfig.h

on b04efcfe1a72

config.status:846: creating gen/pkgconfig.h
config.status:1016: gen/pkgconfig.h is unchanged
